#
# There is insufficient memory for the Java Runtime Environment to continue.
# Native memory allocation (mmap) failed to map 39845888 bytes for G1 virtual space
# Possible reasons:
#   The system is out of physical RAM or swap space
#   The process is running with CompressedOops enabled, and the Java Heap may be blocking the growth of the native heap
# Possible solutions:
#   Reduce memory load on the system
#   Increase physical memory or swap space
#   Check if swap backing store is full
#   Decrease Java heap size (-Xmx/-Xms)
#   Decrease number of Java threads
#   Decrease Java thread stack sizes (-Xss)
#   Set larger code cache with -XX:ReservedCodeCacheSize=
#   JVM is running with Zero Based Compressed Oops mode in which the Java heap is
#     placed in the first 32GB address space. The Java Heap base address is the
#     maximum limit for the native heap growth. Please use -XX:HeapBaseMinAddress
#     to set the Java Heap base and to place the Java Heap above 32GB virtual address.
# This output file may be truncated or incomplete.
#
#  Out of Memory Error (os_windows.cpp:3541), pid=17504, tid=4040
#
# JRE version: OpenJDK Runtime Environment Temurin-17.0.4.1+1 (17.0.4.1+1) (build 17.0.4.1+1)
# Java VM: OpenJDK 64-Bit Server VM Temurin-17.0.4.1+1 (17.0.4.1+1, mixed mode, tiered, compressed oops, compressed class ptrs, g1 gc, windows-amd64)
# No core dump will be written. Minidumps are not enabled by default on client versions of Windows
#

---------------  S U M M A R Y ------------

Command Line: -Dfile.encoding=UTF-8 -XX:+ShowCodeDetailsInExceptionMessages kemalkeskin.productDemo.ProductDemoApplication

Host: Intel(R) Core(TM) i5-10400 CPU @ 2.90GHz, 12 cores, 15G,  Windows 10 , 64 bit Build 19041 (10.0.19041.2364)
Time: Thu Jan 19 19:43:09 2023 Türkiye Standart Saati elapsed time: 51.832239 seconds (0d 0h 0m 51s)

---------------  T H R E A D  ---------------

Current thread (0x000002023cf1e930):  VMThread "VM Thread" [stack: 0x0000002ee8b00000,0x0000002ee8c00000] [id=4040]

Stack: [0x0000002ee8b00000,0x0000002ee8c00000]
Native frames: (J=compiled Java code, j=interpreted, Vv=VM code, C=native code)
V  [jvm.dll+0x67731a]
V  [jvm.dll+0x832284]
V  [jvm.dll+0x833a2e]
V  [jvm.dll+0x834093]
V  [jvm.dll+0x245775]
V  [jvm.dll+0x674209]
V  [jvm.dll+0x668a92]
V  [jvm.dll+0x30471b]
V  [jvm.dll+0x30bc66]
V  [jvm.dll+0x35ba9e]
V  [jvm.dll+0x35bccf]
V  [jvm.dll+0x2db5b8]
V  [jvm.dll+0x2d986c]
V  [jvm.dll+0x2d8e3c]
V  [jvm.dll+0x31cd9b]
V  [jvm.dll+0x83853b]
V  [jvm.dll+0x839274]
V  [jvm.dll+0x83978c]
V  [jvm.dll+0x839b64]
V  [jvm.dll+0x839c30]
V  [jvm.dll+0x7e240a]
V  [jvm.dll+0x6761a5]
C  [ucrtbase.dll+0x21bb2]
C  [KERNEL32.DLL+0x17614]
C  [ntdll.dll+0x526a1]

VM_Operation (0x0000002eeadfdca0): G1CollectForAllocation, mode: safepoint, requested by thread 0x0000020240d223e0


---------------  P R O C E S S  ---------------

Threads class SMR info:
_java_thread_list=0x0000020240cf8110, length=32, elements={
0x000002023d82b740, 0x000002023d82c430, 0x000002023d8477a0, 0x000002023d84a070,
0x000002023d84a930, 0x000002023d8a43f0, 0x000002023d8b04f0, 0x000002023d8b0ee0,
0x000002023d8cb3f0, 0x000002023da31010, 0x000002023da37160, 0x0000020240fcc630,
0x000002024138ad80, 0x00000202424aa7e0, 0x00000202422de800, 0x0000020240d223e0,
0x0000020240d22d80, 0x0000020240d23720, 0x0000020240d228b0, 0x0000020242497d50,
0x00000202424973b0, 0x0000020242497880, 0x0000020242499090, 0x0000020242499560,
0x00000202424986f0, 0x0000020242496070, 0x0000020242499a30, 0x0000020242498220,
0x0000020242496a10, 0x0000020242496540, 0x000002023f895190, 0x0000020242eb99e0
}

Java Threads: ( => current thread )
  0x000002023d82b740 JavaThread "Reference Handler" daemon [_thread_blocked, id=15792, stack(0x0000002ee8c00000,0x0000002ee8d00000)]
  0x000002023d82c430 JavaThread "Finalizer" daemon [_thread_blocked, id=14452, stack(0x0000002ee8d00000,0x0000002ee8e00000)]
  0x000002023d8477a0 JavaThread "Signal Dispatcher" daemon [_thread_blocked, id=19540, stack(0x0000002ee8e00000,0x0000002ee8f00000)]
  0x000002023d84a070 JavaThread "Attach Listener" daemon [_thread_blocked, id=8320, stack(0x0000002ee8f00000,0x0000002ee9000000)]
  0x000002023d84a930 JavaThread "Service Thread" daemon [_thread_blocked, id=16356, stack(0x0000002ee9000000,0x0000002ee9100000)]
  0x000002023d8a43f0 JavaThread "Monitor Deflation Thread" daemon [_thread_blocked, id=8080, stack(0x0000002ee9100000,0x0000002ee9200000)]
  0x000002023d8b04f0 JavaThread "C2 CompilerThread0" daemon [_thread_blocked, id=12984, stack(0x0000002ee9200000,0x0000002ee9300000)]
  0x000002023d8b0ee0 JavaThread "C1 CompilerThread0" daemon [_thread_blocked, id=19652, stack(0x0000002ee9300000,0x0000002ee9400000)]
  0x000002023d8cb3f0 JavaThread "Sweeper thread" daemon [_thread_blocked, id=21644, stack(0x0000002ee9400000,0x0000002ee9500000)]
  0x000002023da31010 JavaThread "Notification Thread" daemon [_thread_blocked, id=15092, stack(0x0000002ee9500000,0x0000002ee9600000)]
  0x000002023da37160 JavaThread "Common-Cleaner" daemon [_thread_blocked, id=6512, stack(0x0000002ee9700000,0x0000002ee9800000)]
  0x0000020240fcc630 JavaThread "Catalina-utility-1" [_thread_blocked, id=12752, stack(0x0000002eea200000,0x0000002eea300000)]
  0x000002024138ad80 JavaThread "Catalina-utility-2" [_thread_blocked, id=19148, stack(0x0000002eea800000,0x0000002eea900000)]
  0x00000202424aa7e0 JavaThread "container-0" [_thread_blocked, id=20956, stack(0x0000002eea900000,0x0000002eeaa00000)]
  0x00000202422de800 JavaThread "HikariPool-1 housekeeper" daemon [_thread_blocked, id=12368, stack(0x0000002eeab00000,0x0000002eeac00000)]
  0x0000020240d223e0 JavaThread "File Watcher" daemon [_thread_blocked, id=13556, stack(0x0000002eead00000,0x0000002eeae00000)]
  0x0000020240d22d80 JavaThread "Live Reload Server" daemon [_thread_in_native, id=20404, stack(0x0000002eeaf00000,0x0000002eeb000000)]
  0x0000020240d23720 JavaThread "http-nio-8080-exec-1" daemon [_thread_blocked, id=16920, stack(0x0000002eeae00000,0x0000002eeaf00000)]
  0x0000020240d228b0 JavaThread "http-nio-8080-exec-2" daemon [_thread_blocked, id=13172, stack(0x0000002eeb000000,0x0000002eeb100000)]
  0x0000020242497d50 JavaThread "http-nio-8080-exec-3" daemon [_thread_blocked, id=1028, stack(0x0000002eeb100000,0x0000002eeb200000)]
  0x00000202424973b0 JavaThread "http-nio-8080-exec-4" daemon [_thread_blocked, id=9840, stack(0x0000002eeb200000,0x0000002eeb300000)]
  0x0000020242497880 JavaThread "http-nio-8080-exec-5" daemon [_thread_blocked, id=14008, stack(0x0000002eeb300000,0x0000002eeb400000)]
  0x0000020242499090 JavaThread "http-nio-8080-exec-6" daemon [_thread_blocked, id=10748, stack(0x0000002eeb400000,0x0000002eeb500000)]
  0x0000020242499560 JavaThread "http-nio-8080-exec-7" daemon [_thread_blocked, id=20476, stack(0x0000002eeb500000,0x0000002eeb600000)]
  0x00000202424986f0 JavaThread "http-nio-8080-exec-8" daemon [_thread_blocked, id=12256, stack(0x0000002eeb600000,0x0000002eeb700000)]
  0x0000020242496070 JavaThread "http-nio-8080-exec-9" daemon [_thread_blocked, id=1492, stack(0x0000002eeb700000,0x0000002eeb800000)]
  0x0000020242499a30 JavaThread "http-nio-8080-exec-10" daemon [_thread_blocked, id=12088, stack(0x0000002eeb800000,0x0000002eeb900000)]
  0x0000020242498220 JavaThread "http-nio-8080-Poller" daemon [_thread_blocked, id=10724, stack(0x0000002eeb900000,0x0000002eeba00000)]
  0x0000020242496a10 JavaThread "http-nio-8080-Acceptor" daemon [_thread_in_native, id=3004, stack(0x0000002eeba00000,0x0000002eebb00000)]
  0x0000020242496540 JavaThread "DestroyJavaVM" [_thread_blocked, id=17468, stack(0x0000002ee8500000,0x0000002ee8600000)]
  0x000002023f895190 JavaThread "C2 CompilerThread1" daemon [_thread_blocked, id=11240, stack(0x0000002ee9a00000,0x0000002ee9b00000)]
  0x0000020242eb99e0 JavaThread "C2 CompilerThread2" daemon [_thread_blocked, id=20660, stack(0x0000002ee9b00000,0x0000002ee9c00000)]

Other Threads:
=>0x000002023cf1e930 VMThread "VM Thread" [stack: 0x0000002ee8b00000,0x0000002ee8c00000] [id=4040]
  0x000002023da314e0 WatcherThread [stack: 0x0000002ee9600000,0x0000002ee9700000] [id=19592]
  0x000002021e08f5e0 GCTaskThread "GC Thread#0" [stack: 0x0000002ee8600000,0x0000002ee8700000] [id=13504]
  0x000002023f30bd50 GCTaskThread "GC Thread#1" [stack: 0x0000002ee9c00000,0x0000002ee9d00000] [id=21208]
  0x000002023f30c000 GCTaskThread "GC Thread#2" [stack: 0x0000002ee9d00000,0x0000002ee9e00000] [id=18788]
  0x000002023f2c4460 GCTaskThread "GC Thread#3" [stack: 0x0000002ee9e00000,0x0000002ee9f00000] [id=1264]
  0x000002023f2f60d0 GCTaskThread "GC Thread#4" [stack: 0x0000002ee9f00000,0x0000002eea000000] [id=11324]
  0x000002023f2f6380 GCTaskThread "GC Thread#5" [stack: 0x0000002eea000000,0x0000002eea100000] [id=15892]
  0x000002023e317510 GCTaskThread "GC Thread#6" [stack: 0x0000002eea100000,0x0000002eea200000] [id=7320]
  0x000002023f42a9c0 GCTaskThread "GC Thread#7" [stack: 0x0000002eea300000,0x0000002eea400000] [id=9924]
  0x000002023f627bb0 GCTaskThread "GC Thread#8" [stack: 0x0000002eea400000,0x0000002eea500000] [id=7944]
  0x000002023f74b1e0 GCTaskThread "GC Thread#9" [stack: 0x0000002eea500000,0x0000002eea600000] [id=16268]
  0x000002021e0a1060 ConcurrentGCThread "G1 Main Marker" [stack: 0x0000002ee8700000,0x0000002ee8800000] [id=2584]
  0x000002021e0a2180 ConcurrentGCThread "G1 Conc#0" [stack: 0x0000002ee8800000,0x0000002ee8900000] [id=21980]
  0x000002023fa65be0 ConcurrentGCThread "G1 Conc#1" [stack: 0x0000002eea600000,0x0000002eea700000] [id=21952]
  0x000002023fc60330 ConcurrentGCThread "G1 Conc#2" [stack: 0x0000002eea700000,0x0000002eea800000] [id=2420]
  0x000002023cdb5500 ConcurrentGCThread "G1 Refine#0" [stack: 0x0000002ee8900000,0x0000002ee8a00000] [id=20256]
  0x000002023e0cd060 ConcurrentGCThread "G1 Refine#1" [stack: 0x0000002eec000000,0x0000002eec100000] [id=16412]
  0x000002021e0ee340 ConcurrentGCThread "G1 Service" [stack: 0x0000002ee8a00000,0x0000002ee8b00000] [id=16336]

Threads with active compile tasks:
C1 CompilerThread0    51856 9212       3       org.springframework.web.method.annotation.ModelFactory::invokeModelAttributeMethods (210 bytes)
C2 CompilerThread1    51856 9196   !   4       org.apache.catalina.core.ApplicationFilterChain::internalDoFilter (388 bytes)

VM state: at safepoint (normal execution)

VM Mutex/Monitor currently owned by a thread:  ([mutex/lock_event])
[0x000002021e021210] Threads_lock - owner thread: 0x000002023cf1e930
[0x000002021e021450] Heap_lock - owner thread: 0x0000020240d223e0

Heap address: 0x0000000703600000, size: 4042 MB, Compressed Oops mode: Zero based, Oop shift amount: 3

CDS archive(s) not mapped
Compressed class space mapped at: 0x0000000800000000-0x0000000840000000, reserved size: 1073741824
Narrow klass base: 0x0000000800000000, Narrow klass shift: 0, Narrow klass range: 0x40000000

GC Precious Log:
 CPUs: 12 total, 12 available
 Memory: 16164M
 Large Page Support: Disabled
 NUMA Support: Disabled
 Compressed Oops: Enabled (Zero based)
 Heap Region Size: 2M
 Heap Min Capacity: 8M
 Heap Initial Capacity: 254M
 Heap Max Capacity: 4042M
 Pre-touch: Disabled
 Parallel Workers: 10
 Concurrent Workers: 3
 Concurrent Refinement Workers: 10
 Periodic GC: Disabled

Heap:
 garbage-first heap   total 110592K, used 42330K [0x0000000703600000, 0x0000000800000000)
  region size 2048K, 1 young (2048K), 1 survivors (2048K)
 Metaspace       used 74292K, committed 74688K, reserved 1122304K
  class space    used 9212K, committed 9408K, reserved 1048576K

Heap Regions: E=young(eden), S=young(survivor), O=old, HS=humongous(starts), HC=humongous(continues), CS=collection set, F=free, OA=open archive, CA=closed archive, TAMS=top-at-mark-start (previous, next)
|   0|0x0000000703600000, 0x0000000703800000, 0x0000000703800000|100%| O|  |TAMS 0x0000000703800000, 0x0000000703600000| Untracked 
|   1|0x0000000703800000, 0x0000000703a00000, 0x0000000703a00000|100%| O|  |TAMS 0x0000000703a00000, 0x0000000703800000| Untracked 
|   2|0x0000000703a00000, 0x0000000703c00000, 0x0000000703c00000|100%| O|  |TAMS 0x0000000703c00000, 0x0000000703a00000| Untracked 
|   3|0x0000000703c00000, 0x0000000703e00000, 0x0000000703e00000|100%| O|  |TAMS 0x0000000703e00000, 0x0000000703c00000| Untracked 
|   4|0x0000000703e00000, 0x0000000704000000, 0x0000000704000000|100%| O|  |TAMS 0x0000000704000000, 0x0000000703e00000| Untracked 
|   5|0x0000000704000000, 0x0000000704200000, 0x0000000704200000|100%| O|  |TAMS 0x0000000704200000, 0x0000000704000000| Untracked 
|   6|0x0000000704200000, 0x0000000704400000, 0x0000000704400000|100%| O|  |TAMS 0x0000000704400000, 0x0000000704200000| Untracked 
|   7|0x0000000704400000, 0x0000000704400000, 0x0000000704600000|  0%| F|  |TAMS 0x0000000704400000, 0x0000000704400000| Untracked 
|   8|0x0000000704600000, 0x0000000704800000, 0x0000000704800000|100%| O|  |TAMS 0x0000000704800000, 0x0000000704600000| Untracked 
|   9|0x0000000704800000, 0x0000000704a00000, 0x0000000704a00000|100%| O|  |TAMS 0x0000000704a00000, 0x0000000704800000| Untracked 
|  10|0x0000000704a00000, 0x0000000704c00000, 0x0000000704c00000|100%| O|  |TAMS 0x0000000704c00000, 0x0000000704a00000| Untracked 
|  11|0x0000000704c00000, 0x0000000704e00000, 0x0000000704e00000|100%| O|  |TAMS 0x0000000704e00000, 0x0000000704c00000| Untracked 
|  12|0x0000000704e00000, 0x0000000704ef1e00, 0x0000000705000000| 47%| O|  |TAMS 0x0000000704e00000, 0x0000000704e00000| Untracked 
|  13|0x0000000705000000, 0x0000000705000000, 0x0000000705200000|  0%| F|  |TAMS 0x0000000705000000, 0x0000000705000000| Untracked 
|  14|0x0000000705200000, 0x0000000705400000, 0x0000000705400000|100%| O|  |TAMS 0x0000000705400000, 0x0000000705200000| Untracked 
|  15|0x0000000705400000, 0x0000000705600000, 0x0000000705600000|100%| O|  |TAMS 0x0000000705600000, 0x0000000705400000| Untracked 
|  16|0x0000000705600000, 0x0000000705600000, 0x0000000705800000|  0%| F|  |TAMS 0x0000000705600000, 0x0000000705600000| Untracked 
|  17|0x0000000705800000, 0x0000000705800000, 0x0000000705a00000|  0%| F|  |TAMS 0x0000000705800000, 0x0000000705800000| Untracked 
|  18|0x0000000705a00000, 0x0000000705a00000, 0x0000000705c00000|  0%| F|  |TAMS 0x0000000705a00000, 0x0000000705a00000| Untracked 
|  19|0x0000000705c00000, 0x0000000705c00000, 0x0000000705e00000|  0%| F|  |TAMS 0x0000000705c00000, 0x0000000705c00000| Untracked 
|  20|0x0000000705e00000, 0x0000000705e00000, 0x0000000706000000|  0%| F|  |TAMS 0x0000000705e00000, 0x0000000705e00000| Untracked 
|  21|0x0000000706000000, 0x0000000706000000, 0x0000000706200000|  0%| F|  |TAMS 0x0000000706000000, 0x0000000706000000| Untracked 
|  22|0x0000000706200000, 0x0000000706200000, 0x0000000706400000|  0%| F|  |TAMS 0x0000000706200000, 0x0000000706200000| Untracked 
|  23|0x0000000706400000, 0x0000000706600000, 0x0000000706600000|100%| O|  |TAMS 0x0000000706600000, 0x0000000706400000| Untracked 
|  24|0x0000000706600000, 0x0000000706800000, 0x0000000706800000|100%| O|  |TAMS 0x0000000706800000, 0x0000000706600000| Untracked 
|  25|0x0000000706800000, 0x0000000706a00000, 0x0000000706a00000|100%| O|  |TAMS 0x00000007069e1200, 0x0000000706800000| Untracked 
|  26|0x0000000706a00000, 0x0000000706c00000, 0x0000000706c00000|100%| O|  |TAMS 0x0000000706a00000, 0x0000000706a00000| Untracked 
|  27|0x0000000706c00000, 0x0000000706e00000, 0x0000000706e00000|100%| O|  |TAMS 0x0000000706c00000, 0x0000000706c00000| Untracked 
|  28|0x0000000706e00000, 0x0000000707000000, 0x0000000707000000|100%| O|  |TAMS 0x0000000706e00000, 0x0000000706e00000| Untracked 
|  29|0x0000000707000000, 0x0000000707200000, 0x0000000707200000|100%| O|  |TAMS 0x0000000707000000, 0x0000000707000000| Untracked 
|  30|0x0000000707200000, 0x0000000707200000, 0x0000000707400000|  0%| F|  |TAMS 0x0000000707200000, 0x0000000707200000| Untracked 
|  31|0x0000000707400000, 0x0000000707400000, 0x0000000707600000|  0%| F|  |TAMS 0x0000000707400000, 0x0000000707400000| Untracked 
|  32|0x0000000707600000, 0x0000000707600000, 0x0000000707800000|  0%| F|  |TAMS 0x0000000707600000, 0x0000000707600000| Untracked 
|  33|0x0000000707800000, 0x0000000707800000, 0x0000000707a00000|  0%| F|  |TAMS 0x0000000707800000, 0x0000000707800000| Untracked 
|  34|0x0000000707a00000, 0x0000000707a64a30, 0x0000000707c00000| 19%| S|CS|TAMS 0x0000000707a00000, 0x0000000707a00000| Complete 
|  35|0x0000000707c00000, 0x0000000707c00000, 0x0000000707e00000|  0%| F|  |TAMS 0x0000000707c00000, 0x0000000707c00000| Untracked 
|  36|0x0000000707e00000, 0x0000000707e00000, 0x0000000708000000|  0%| F|  |TAMS 0x0000000707e00000, 0x0000000707e00000| Untracked 
|  37|0x0000000708000000, 0x0000000708000000, 0x0000000708200000|  0%| F|  |TAMS 0x0000000708000000, 0x0000000708000000| Untracked 
|  38|0x0000000708200000, 0x0000000708200000, 0x0000000708400000|  0%| F|  |TAMS 0x0000000708200000, 0x0000000708200000| Untracked 
|  39|0x0000000708400000, 0x0000000708400000, 0x0000000708600000|  0%| F|  |TAMS 0x0000000708400000, 0x0000000708400000| Untracked 
|  40|0x0000000708600000, 0x0000000708600000, 0x0000000708800000|  0%| F|  |TAMS 0x0000000708600000, 0x0000000708600000| Untracked 
|  41|0x0000000708800000, 0x0000000708800000, 0x0000000708a00000|  0%| F|  |TAMS 0x0000000708800000, 0x0000000708800000| Untracked 
|  42|0x0000000708a00000, 0x0000000708a00000, 0x0000000708c00000|  0%| F|  |TAMS 0x0000000708a00000, 0x0000000708a00000| Untracked 
|  43|0x0000000708c00000, 0x0000000708c00000, 0x0000000708e00000|  0%| F|  |TAMS 0x0000000708c00000, 0x0000000708c00000| Untracked 
|  44|0x0000000708e00000, 0x0000000708e00000, 0x0000000709000000|  0%| F|  |TAMS 0x0000000708e00000, 0x0000000708e00000| Untracked 
|  45|0x0000000709000000, 0x0000000709000000, 0x0000000709200000|  0%| F|  |TAMS 0x0000000709000000, 0x0000000709000000| Untracked 
|  46|0x0000000709200000, 0x0000000709200000, 0x0000000709400000|  0%| F|  |TAMS 0x0000000709200000, 0x0000000709200000| Untracked 
|  47|0x0000000709400000, 0x0000000709400000, 0x0000000709600000|  0%| F|  |TAMS 0x0000000709400000, 0x0000000709400000| Untracked 
|  48|0x0000000709600000, 0x0000000709600000, 0x0000000709800000|  0%| F|  |TAMS 0x0000000709600000, 0x0000000709600000| Untracked 
|  49|0x0000000709800000, 0x0000000709800000, 0x0000000709a00000|  0%| F|  |TAMS 0x0000000709800000, 0x0000000709800000| Untracked 
|  72|0x000000070c600000, 0x000000070c600000, 0x000000070c800000|  0%| F|  |TAMS 0x000000070c600000, 0x000000070c600000| Untracked 
| 121|0x0000000712800000, 0x0000000712800000, 0x0000000712a00000|  0%| F|  |TAMS 0x0000000712800000, 0x0000000712800000| Untracked 
| 122|0x0000000712a00000, 0x0000000712a00000, 0x0000000712c00000|  0%| F|  |TAMS 0x0000000712a00000, 0x0000000712a00000| Untracked 
| 126|0x0000000713200000, 0x0000000713200000, 0x0000000713400000|  0%| F|  |TAMS 0x0000000713200000, 0x0000000713200000| Untracked 

Card table byte_map: [0x0000020231440000,0x0000020231c30000] _byte_map_base: 0x000002022dc25000

Marking Bits (Prev, Next): (CMBitMap*) 0x000002021e090aa0, (CMBitMap*) 0x000002021e090ae0
 Prev Bits: [0x0000020232420000, 0x0000020236348000)
 Next Bits: [0x0000020236350000, 0x000002023a278000)

Polling page: 0x000002021bf60000

Metaspace:

Usage:
  Non-class:     63.55 MB used.
      Class:      9.00 MB used.
       Both:     72.55 MB used.

Virtual space:
  Non-class space:       72.00 MB reserved,      63.75 MB ( 89%) committed,  9 nodes.
      Class space:        1.00 GB reserved,       9.19 MB ( <1%) committed,  1 nodes.
             Both:        1.07 GB reserved,      72.94 MB (  7%) committed. 

Chunk freelists:
   Non-Class:  3.88 MB
       Class:  2.72 MB
        Both:  6.59 MB

MaxMetaspaceSize: unlimited
CompressedClassSpaceSize: 1.00 GB
Initial GC threshold: 21.00 MB
Current GC threshold: 117.62 MB
CDS: off
MetaspaceReclaimPolicy: balanced
 - commit_granule_bytes: 65536.
 - commit_granule_words: 8192.
 - virtual_space_node_default_size: 1048576.
 - enlarge_chunks_in_place: 1.
 - new_chunks_are_fully_committed: 0.
 - uncommit_free_chunks: 1.
 - use_allocation_guard: 0.
 - handle_deallocations: 1.


Internal statistics:

num_allocs_failed_limit: 9.
num_arena_births: 570.
num_arena_deaths: 0.
num_vsnodes_births: 10.
num_vsnodes_deaths: 0.
num_space_committed: 1167.
num_space_uncommitted: 0.
num_chunks_returned_to_freelist: 9.
num_chunks_taken_from_freelist: 2998.
num_chunk_merges: 9.
num_chunk_splits: 2089.
num_chunks_enlarged: 1589.
num_purges: 0.
num_inconsistent_stats: 0.

CodeHeap 'non-profiled nmethods': size=120000Kb used=5084Kb max_used=5445Kb free=114915Kb
 bounds [0x00000202291b0000, 0x0000020229710000, 0x00000202306e0000]
CodeHeap 'profiled nmethods': size=120000Kb used=16967Kb max_used=17515Kb free=103033Kb
 bounds [0x0000020221c80000, 0x0000020222dd0000, 0x00000202291b0000]
CodeHeap 'non-nmethods': size=5760Kb used=1302Kb max_used=1480Kb free=4457Kb
 bounds [0x00000202216e0000, 0x0000020221950000, 0x0000020221c80000]
 total_blobs=8786 nmethods=8160 adapters=537
 compilation: enabled
              stopped_count=0, restarted_count=0
 full_count=0

Compilation events (20 events):
Event: 51.814 Thread 0x000002023d8b0ee0 nmethod 9202 0x0000020221fce190 code [0x0000020221fce320, 0x0000020221fce498]
Event: 51.814 Thread 0x000002023d8b0ee0 9203       3       org.springframework.ui.ExtendedModelMap::addAllAttributes (6 bytes)
Event: 51.815 Thread 0x000002023d8b0ee0 nmethod 9203 0x0000020222090d90 code [0x0000020222090f40, 0x00000202220912a8]
Event: 51.815 Thread 0x000002023d8b0ee0 9204       3       org.springframework.ui.ExtendedModelMap::addAllAttributes (8 bytes)
Event: 51.815 Thread 0x000002023d8b0ee0 nmethod 9204 0x0000020221ce4f90 code [0x0000020221ce5140, 0x0000020221ce53c8]
Event: 51.815 Thread 0x000002023d8b0ee0 9205       3       org.springframework.ui.ModelMap::addAllAttributes (11 bytes)
Event: 51.815 Thread 0x000002023d8b0ee0 nmethod 9205 0x0000020221e42010 code [0x0000020221e421c0, 0x0000020221e423c8]
Event: 51.815 Thread 0x000002023d8b0ee0 9206       3       org.springframework.web.method.annotation.SessionAttributesHandler::retrieveAttributes (73 bytes)
Event: 51.815 Thread 0x000002023d8b0ee0 nmethod 9206 0x0000020221f35090 code [0x0000020221f35360, 0x0000020221f36308]
Event: 51.815 Thread 0x000002023d8b0ee0 9207       3       org.springframework.web.method.support.ModelAndViewContainer::mergeAttributes (11 bytes)
Event: 51.816 Thread 0x000002023d8b0ee0 nmethod 9207 0x0000020221ef5d10 code [0x0000020221ef5f00, 0x0000020221ef65c8]
Event: 51.816 Thread 0x000002023d8b0ee0 9208       3       org.springframework.ui.ExtendedModelMap::mergeAttributes (6 bytes)
Event: 51.816 Thread 0x000002023d8b0ee0 nmethod 9208 0x00000202223a1890 code [0x00000202223a1aa0, 0x00000202223a22f8]
Event: 51.816 Thread 0x000002023d8b0ee0 9209       3       org.springframework.ui.ExtendedModelMap::mergeAttributes (8 bytes)
Event: 51.816 Thread 0x000002023d8b0ee0 nmethod 9209 0x0000020221face10 code [0x0000020221fad020, 0x0000020221fad798]
Event: 51.816 Thread 0x000002023d8b0ee0 9210       3       org.springframework.ui.ModelMap::mergeAttributes (18 bytes)
Event: 51.816 Thread 0x000002023d8b0ee0 nmethod 9210 0x0000020221f32810 code [0x0000020221f32a20, 0x0000020221f330f8]
Event: 51.816 Thread 0x000002023d8b0ee0 9211       3       org.springframework.ui.ModelMap$$Lambda$1160/0x0000000800908e98::<init> (10 bytes)
Event: 51.817 Thread 0x000002023d8b0ee0 nmethod 9211 0x000002022208d190 code [0x000002022208d320, 0x000002022208d4d8]
Event: 51.817 Thread 0x000002023d8b0ee0 9212       3       org.springframework.web.method.annotation.ModelFactory::invokeModelAttributeMethods (210 bytes)

GC Heap History (20 events):
Event: 3.688 GC heap after
{Heap after GC invocations=14 (full 0):
 garbage-first heap   total 155648K, used 22672K [0x0000000703600000, 0x0000000800000000)
  region size 2048K, 3 young (6144K), 3 survivors (6144K)
 Metaspace       used 60058K, committed 60416K, reserved 1105920K
  class space    used 7692K, committed 7872K, reserved 1048576K
}
Event: 4.160 GC heap before
{Heap before GC invocations=15 (full 0):
 garbage-first heap   total 90112K, used 69776K [0x0000000703600000, 0x0000000800000000)
  region size 2048K, 26 young (53248K), 3 survivors (6144K)
 Metaspace       used 64919K, committed 65216K, reserved 1105920K
  class space    used 8361K, committed 8512K, reserved 1048576K
}
Event: 4.165 GC heap after
{Heap after GC invocations=16 (full 0):
 garbage-first heap   total 90112K, used 25615K [0x0000000703600000, 0x0000000800000000)
  region size 2048K, 2 young (4096K), 2 survivors (4096K)
 Metaspace       used 64919K, committed 65216K, reserved 1105920K
  class space    used 8361K, committed 8512K, reserved 1048576K
}
Event: 4.421 GC heap before
{Heap before GC invocations=16 (full 0):
 garbage-first heap   total 90112K, used 66575K [0x0000000703600000, 0x0000000800000000)
  region size 2048K, 22 young (45056K), 2 survivors (4096K)
 Metaspace       used 67217K, committed 67648K, reserved 1114112K
  class space    used 8638K, committed 8832K, reserved 1048576K
}
Event: 4.426 GC heap after
{Heap after GC invocations=17 (full 0):
 garbage-first heap   total 90112K, used 32266K [0x0000000703600000, 0x0000000800000000)
  region size 2048K, 3 young (6144K), 3 survivors (6144K)
 Metaspace       used 67217K, committed 67648K, reserved 1114112K
  class space    used 8638K, committed 8832K, reserved 1048576K
}
Event: 4.523 GC heap before
{Heap before GC invocations=17 (full 0):
 garbage-first heap   total 90112K, used 62986K [0x0000000703600000, 0x0000000800000000)
  region size 2048K, 19 young (38912K), 3 survivors (6144K)
 Metaspace       used 67400K, committed 67840K, reserved 1114112K
  class space    used 8650K, committed 8832K, reserved 1048576K
}
Event: 4.528 GC heap after
{Heap after GC invocations=18 (full 0):
 garbage-first heap   total 90112K, used 41391K [0x0000000703600000, 0x0000000800000000)
  region size 2048K, 3 young (6144K), 3 survivors (6144K)
 Metaspace       used 67400K, committed 67840K, reserved 1114112K
  class space    used 8650K, committed 8832K, reserved 1048576K
}
Event: 4.594 GC heap before
{Heap before GC invocations=18 (full 0):
 garbage-first heap   total 90112K, used 61871K [0x0000000703600000, 0x0000000800000000)
  region size 2048K, 14 young (28672K), 3 survivors (6144K)
 Metaspace       used 67460K, committed 67840K, reserved 1114112K
  class space    used 8650K, committed 8832K, reserved 1048576K
}
Event: 4.598 GC heap after
{Heap after GC invocations=19 (full 0):
 garbage-first heap   total 108544K, used 48145K [0x0000000703600000, 0x0000000800000000)
  region size 2048K, 2 young (4096K), 2 survivors (4096K)
 Metaspace       used 67460K, committed 67840K, reserved 1114112K
  class space    used 8650K, committed 8832K, reserved 1048576K
}
Event: 4.666 GC heap before
{Heap before GC invocations=19 (full 0):
 garbage-first heap   total 108544K, used 72721K [0x0000000703600000, 0x0000000800000000)
  region size 2048K, 15 young (30720K), 2 survivors (4096K)
 Metaspace       used 67588K, committed 68032K, reserved 1114112K
  class space    used 8662K, committed 8832K, reserved 1048576K
}
Event: 4.670 GC heap after
{Heap after GC invocations=20 (full 0):
 garbage-first heap   total 108544K, used 55382K [0x0000000703600000, 0x0000000800000000)
  region size 2048K, 2 young (4096K), 2 survivors (4096K)
 Metaspace       used 67588K, committed 68032K, reserved 1114112K
  class space    used 8662K, committed 8832K, reserved 1048576K
}
Event: 25.840 GC heap before
{Heap before GC invocations=20 (full 0):
 garbage-first heap   total 108544K, used 77910K [0x0000000703600000, 0x0000000800000000)
  region size 2048K, 13 young (26624K), 2 survivors (4096K)
 Metaspace       used 71880K, committed 72256K, reserved 1114112K
  class space    used 9187K, committed 9344K, reserved 1048576K
}
Event: 25.844 GC heap after
{Heap after GC invocations=21 (full 0):
 garbage-first heap   total 108544K, used 58690K [0x0000000703600000, 0x0000000800000000)
  region size 2048K, 2 young (4096K), 2 survivors (4096K)
 Metaspace       used 71880K, committed 72256K, reserved 1114112K
  class space    used 9187K, committed 9344K, reserved 1048576K
}
Event: 47.252 GC heap before
{Heap before GC invocations=22 (full 0):
 garbage-first heap   total 110592K, used 77122K [0x0000000703600000, 0x0000000800000000)
  region size 2048K, 11 young (22528K), 2 survivors (4096K)
 Metaspace       used 73366K, committed 73792K, reserved 1114112K
  class space    used 9210K, committed 9408K, reserved 1048576K
}
Event: 47.253 GC heap after
{Heap after GC invocations=23 (full 0):
 garbage-first heap   total 110592K, used 59176K [0x0000000703600000, 0x0000000800000000)
  region size 2048K, 1 young (2048K), 1 survivors (2048K)
 Metaspace       used 73366K, committed 73792K, reserved 1114112K
  class space    used 9210K, committed 9408K, reserved 1048576K
}
Event: 47.406 GC heap before
{Heap before GC invocations=23 (full 0):
 garbage-first heap   total 110592K, used 61224K [0x0000000703600000, 0x0000000800000000)
  region size 2048K, 2 young (4096K), 1 survivors (2048K)
 Metaspace       used 73479K, committed 73920K, reserved 1114112K
  class space    used 9211K, committed 9408K, reserved 1048576K
}
Event: 47.407 GC heap after
{Heap after GC invocations=24 (full 0):
 garbage-first heap   total 110592K, used 47398K [0x0000000703600000, 0x0000000800000000)
  region size 2048K, 1 young (2048K), 1 survivors (2048K)
 Metaspace       used 73479K, committed 73920K, reserved 1114112K
  class space    used 9211K, committed 9408K, reserved 1048576K
}
Event: 47.562 GC heap before
{Heap before GC invocations=24 (full 0):
 garbage-first heap   total 110592K, used 49446K [0x0000000703600000, 0x0000000800000000)
  region size 2048K, 2 young (4096K), 1 survivors (2048K)
 Metaspace       used 73506K, committed 73984K, reserved 1114112K
  class space    used 9211K, committed 9408K, reserved 1048576K
}
Event: 47.564 GC heap after
{Heap after GC invocations=25 (full 0):
 garbage-first heap   total 110592K, used 42247K [0x0000000703600000, 0x0000000800000000)
  region size 2048K, 1 young (2048K), 1 survivors (2048K)
 Metaspace       used 73506K, committed 73984K, reserved 1114112K
  class space    used 9211K, committed 9408K, reserved 1048576K
}
Event: 51.818 GC heap before
{Heap before GC invocations=25 (full 0):
 garbage-first heap   total 110592K, used 79111K [0x0000000703600000, 0x0000000800000000)
  region size 2048K, 19 young (38912K), 1 survivors (2048K)
 Metaspace       used 74292K, committed 74688K, reserved 1122304K
  class space    used 9212K, committed 9408K, reserved 1048576K
}

Deoptimization events (20 events):
Event: 45.790 Thread 0x0000020240d23720 Uncommon trap: trap_request=0xffffff45 fr.pc=0x00000202292f3af0 relative=0x00000000000001d0
Event: 45.790 Thread 0x0000020240d23720 Uncommon trap: reason=unstable_if action=reinterpret pc=0x00000202292f3af0 method=java.util.IdentityHashMap.nextKeyIndex(II)I @ 4 c2
Event: 45.790 Thread 0x0000020240d23720 DEOPT PACKING pc=0x00000202292f3af0 sp=0x0000002eeaefa5c0
Event: 45.790 Thread 0x0000020240d23720 DEOPT UNPACKING pc=0x00000202217323a3 sp=0x0000002eeaefa4c8 mode 2
Event: 46.890 Thread 0x0000020242496070 Uncommon trap: trap_request=0xffffffbe fr.pc=0x00000202296500a0 relative=0x00000000000007c0
Event: 46.890 Thread 0x0000020242496070 Uncommon trap: reason=profile_predicate action=maybe_recompile pc=0x00000202296500a0 method=org.apache.tomcat.util.buf.AbstractChunk.indexOf(Ljava/lang/String;III)I @ 29 c2
Event: 46.890 Thread 0x0000020242496070 DEOPT PACKING pc=0x00000202296500a0 sp=0x0000002eeb7fea60
Event: 46.890 Thread 0x0000020242496070 DEOPT UNPACKING pc=0x00000202217323a3 sp=0x0000002eeb7fe9d8 mode 2
Event: 46.890 Thread 0x0000020242496070 Uncommon trap: trap_request=0xffffffbe fr.pc=0x00000202296500a0 relative=0x00000000000007c0
Event: 46.890 Thread 0x0000020242496070 Uncommon trap: reason=profile_predicate action=maybe_recompile pc=0x00000202296500a0 method=org.apache.tomcat.util.buf.AbstractChunk.indexOf(Ljava/lang/String;III)I @ 29 c2
Event: 46.890 Thread 0x0000020242496070 DEOPT PACKING pc=0x00000202296500a0 sp=0x0000002eeb7fea60
Event: 46.890 Thread 0x0000020242496070 DEOPT UNPACKING pc=0x00000202217323a3 sp=0x0000002eeb7fe9d8 mode 2
Event: 46.895 Thread 0x0000020242499a30 Uncommon trap: trap_request=0xffffffbe fr.pc=0x00000202296500a0 relative=0x00000000000007c0
Event: 46.895 Thread 0x0000020242499a30 Uncommon trap: reason=profile_predicate action=maybe_recompile pc=0x00000202296500a0 method=org.apache.tomcat.util.buf.AbstractChunk.indexOf(Ljava/lang/String;III)I @ 29 c2
Event: 46.895 Thread 0x0000020242499a30 DEOPT PACKING pc=0x00000202296500a0 sp=0x0000002eeb8fec40
Event: 46.895 Thread 0x0000020242499a30 DEOPT UNPACKING pc=0x00000202217323a3 sp=0x0000002eeb8febb8 mode 2
Event: 46.895 Thread 0x0000020242499a30 Uncommon trap: trap_request=0xffffffbe fr.pc=0x00000202296500a0 relative=0x00000000000007c0
Event: 46.895 Thread 0x0000020242499a30 Uncommon trap: reason=profile_predicate action=maybe_recompile pc=0x00000202296500a0 method=org.apache.tomcat.util.buf.AbstractChunk.indexOf(Ljava/lang/String;III)I @ 29 c2
Event: 46.895 Thread 0x0000020242499a30 DEOPT PACKING pc=0x00000202296500a0 sp=0x0000002eeb8fec40
Event: 46.895 Thread 0x0000020242499a30 DEOPT UNPACKING pc=0x00000202217323a3 sp=0x0000002eeb8febb8 mode 2

Classes unloaded (0 events):
No events

Classes redefined (0 events):
No events

Internal exceptions (20 events):
Event: 4.012 Thread 0x000002023f5a6010 Exception <a 'java/lang/ClassNotFoundException'{0x00000007067c5480}: org/springframework/web/servlet/config/annotation/WebMvcConfigurationSupportCustomizer> (0x00000007067c5480) 
thrown [s\src\hotspot\share\classfile\systemDictionary.cpp, line 256]
Event: 4.013 Thread 0x000002023f5a6010 Exception <a 'java/lang/ClassNotFoundException'{0x00000007067d9b30}: org/springframework/web/servlet/config/annotation/DelegatingWebMvcConfigurationCustomizer> (0x00000007067d9b30) 
thrown [s\src\hotspot\share\classfile\systemDictionary.cpp, line 256]
Event: 4.013 Thread 0x000002023f5a6010 Exception <a 'java/lang/ClassNotFoundException'{0x00000007067e3460}: org/springframework/boot/autoconfigure/web/servlet/WebMvcAutoConfiguration$EnableWebMvcConfigurationCustomizer> (0x00000007067e3460) 
thrown [s\src\hotspot\share\classfile\systemDictionary.cpp, line 256]
Event: 4.014 Thread 0x000002023f5a6010 Exception <a 'java/lang/ClassNotFoundException'{0x00000007067f5b08}: org/springframework/context/ResourceLoaderAwareCustomizer> (0x00000007067f5b08) 
thrown [s\src\hotspot\share\classfile\systemDictionary.cpp, line 256]
Event: 4.014 Thread 0x000002023f5a6010 Exception <a 'java/lang/ClassNotFoundException'{0x00000007067faf88}: org/springframework/beans/factory/AwareCustomizer> (0x00000007067faf88) 
thrown [s\src\hotspot\share\classfile\systemDictionary.cpp, line 256]
Event: 4.014 Thread 0x000002023f5a6010 Exception <a 'java/lang/ClassNotFoundException'{0x00000007067ff818}: org/springframework/context/ApplicationContextAwareCustomizer> (0x00000007067ff818) 
thrown [s\src\hotspot\share\classfile\systemDictionary.cpp, line 256]
Event: 4.015 Thread 0x000002023f5a6010 Exception <a 'java/lang/ClassNotFoundException'{0x0000000706405c80}: org/springframework/beans/factory/AwareCustomizer> (0x0000000706405c80) 
thrown [s\src\hotspot\share\classfile\systemDictionary.cpp, line 256]
Event: 4.015 Thread 0x000002023f5a6010 Exception <a 'java/lang/ClassNotFoundException'{0x000000070640a4e8}: org/springframework/web/context/ServletContextAwareCustomizer> (0x000000070640a4e8) 
thrown [s\src\hotspot\share\classfile\systemDictionary.cpp, line 256]
Event: 4.015 Thread 0x000002023f5a6010 Exception <a 'java/lang/ClassNotFoundException'{0x000000070640fda0}: org/springframework/beans/factory/AwareCustomizer> (0x000000070640fda0) 
thrown [s\src\hotspot\share\classfile\systemDictionary.cpp, line 256]
Event: 4.183 Thread 0x000002023f5a6010 Exception <a 'java/lang/NoSuchMethodError'{0x0000000712a03e10}: 'void java.lang.invoke.DirectMethodHandle$Holder.invokeVirtual(java.lang.Object, java.lang.Object, int)'> (0x0000000712a03e10) 
thrown [s\src\hotspot\share\interpreter\linkResolver.cpp, line 759]
Event: 4.184 Thread 0x000002023f5a6010 Exception <a 'java/lang/NoSuchMethodError'{0x0000000712a1e7c0}: 'void java.lang.invoke.DirectMethodHandle$Holder.invokeVirtual(java.lang.Object, java.lang.Object, long)'> (0x0000000712a1e7c0) 
thrown [s\src\hotspot\share\interpreter\linkResolver.cpp, line 759]
Event: 4.295 Thread 0x000002023f5a6010 Exception <a 'java/lang/IncompatibleClassChangeError'{0x0000000708525140}: Found class java.lang.Object, but interface was expected> (0x0000000708525140) 
thrown [s\src\hotspot\share\interpreter\linkResolver.cpp, line 826]
Event: 4.672 Thread 0x000002023f5a6010 Exception <a 'java/lang/NoSuchMethodError'{0x000000071321de78}: 'int java.lang.invoke.DirectMethodHandle$Holder.invokeStaticInit(java.lang.Object, java.lang.Object, java.lang.Object, java.lang.Object)'> (0x000000071321de78) 
thrown [s\src\hotspot\share\interpreter\linkResolver.cpp, line 759]
Event: 4.730 Thread 0x000002023f5a6010 Implicit null exception at 0x00000202292f2560 to 0x00000202292f27c8
Event: 4.808 Thread 0x000002023f5a6010 Exception <a 'java/lang/NoSuchMethodError'{0x000000070963af80}: 'java.lang.Object java.lang.invoke.DirectMethodHandle$Holder.invokeSpecial(java.lang.Object, java.lang.Object, int, java.lang.Object, int, java.lang.Object)'> (0x000000070963af80) 
thrown [s\src\hotspot\share\interpreter\linkResolver.cpp, line 759]
Event: 4.808 Thread 0x000002023f5a6010 Exception <a 'java/lang/NoSuchMethodError'{0x0000000709643028}: 'java.lang.Object java.lang.invoke.DirectMethodHandle$Holder.newInvokeSpecial(java.lang.Object, java.lang.Object, int, java.lang.Object, int)'> (0x0000000709643028) 
thrown [s\src\hotspot\share\interpreter\linkResolver.cpp, line 759]
Event: 4.809 Thread 0x000002023f5a6010 Exception <a 'java/lang/NoSuchMethodError'{0x0000000709647128}: 'java.lang.Object java.lang.invoke.DirectMethodHandle$Holder.invokeSpecial(java.lang.Object, java.lang.Object, java.lang.Object, int, java.lang.Object, int)'> (0x0000000709647128) 
thrown [s\src\hotspot\share\interpreter\linkResolver.cpp, line 759]
Event: 4.809 Thread 0x000002023f5a6010 Exception <a 'java/lang/NoSuchMethodError'{0x0000000709651310}: 'void java.lang.invoke.DirectMethodHandle$Holder.invokeVirtual(java.lang.Object, java.lang.Object)'> (0x0000000709651310) 
thrown [s\src\hotspot\share\interpreter\linkResolver.cpp, line 759]
Event: 17.970 Thread 0x0000020240d23720 Exception <a 'java/lang/NoSuchMethodError'{0x0000000708ec0348}: 'java.lang.Object java.lang.invoke.DirectMethodHandle$Holder.invokeStaticInit(java.lang.Object, java.lang.Object, java.lang.Object, java.lang.Object, java.lang.Object, java.lang.Object)'> (0x0000000708ec0348) 
thrown [s\src\hotspot\share\interpreter\linkResolver.cpp, line 759]
Event: 18.118 Thread 0x0000020240d228b0 Exception <a 'java/lang/NoSuchMethodError'{0x0000000708df5488}: 'java.lang.Object java.lang.invoke.DirectMethodHandle$Holder.invokeStatic(java.lang.Object, int, int)'> (0x0000000708df5488) 
thrown [s\src\hotspot\share\interpreter\linkResolver.cpp, line 759]

VM Operations (20 events):
Event: 46.496 Executing VM operation: ICBufferFull done
Event: 47.251 Executing VM operation: G1CollectForAllocation
Event: 47.253 Executing VM operation: G1CollectForAllocation done
Event: 47.406 Executing VM operation: G1CollectForAllocation
Event: 47.407 Executing VM operation: G1CollectForAllocation done
Event: 47.562 Executing VM operation: G1CollectForAllocation
Event: 47.564 Executing VM operation: G1CollectForAllocation done
Event: 48.573 Executing VM operation: Cleanup
Event: 48.574 Executing VM operation: Cleanup done
Event: 49.585 Executing VM operation: Cleanup
Event: 49.585 Executing VM operation: Cleanup done
Event: 50.589 Executing VM operation: Cleanup
Event: 50.589 Executing VM operation: Cleanup done
Event: 50.673 Executing VM operation: HandshakeAllThreads
Event: 50.673 Executing VM operation: HandshakeAllThreads done
Event: 50.687 Executing VM operation: HandshakeAllThreads
Event: 50.687 Executing VM operation: HandshakeAllThreads done
Event: 50.848 Executing VM operation: ICBufferFull
Event: 50.848 Executing VM operation: ICBufferFull done
Event: 51.817 Executing VM operation: G1CollectForAllocation

Events (20 events):
Event: 50.693 Thread 0x000002023d8cb3f0 flushing nmethod 0x0000020222542a10
Event: 50.693 Thread 0x000002023d8cb3f0 flushing nmethod 0x0000020222543610
Event: 50.693 Thread 0x000002023d8cb3f0 flushing nmethod 0x000002022255df10
Event: 50.693 Thread 0x000002023d8cb3f0 flushing nmethod 0x0000020222577210
Event: 50.693 Thread 0x000002023d8cb3f0 flushing nmethod 0x000002022257ce10
Event: 50.693 Thread 0x000002023d8cb3f0 flushing nmethod 0x0000020222584190
Event: 50.693 Thread 0x000002023d8cb3f0 flushing nmethod 0x0000020222584a10
Event: 50.693 Thread 0x000002023d8cb3f0 flushing nmethod 0x0000020222588c10
Event: 50.693 Thread 0x000002023d8cb3f0 flushing nmethod 0x0000020222589790
Event: 50.693 Thread 0x000002023d8cb3f0 flushing nmethod 0x0000020222599610
Event: 50.694 Thread 0x000002023d8cb3f0 flushing nmethod 0x0000020222652010
Event: 50.694 Thread 0x000002023d8cb3f0 flushing nmethod 0x000002022266c190
Event: 50.694 Thread 0x000002023d8cb3f0 flushing nmethod 0x0000020222672090
Event: 50.694 Thread 0x000002023d8cb3f0 flushing nmethod 0x000002022267f610
Event: 50.694 Thread 0x000002023d8cb3f0 flushing nmethod 0x00000202226a4990
Event: 50.694 Thread 0x000002023d8cb3f0 flushing nmethod 0x00000202226a5490
Event: 50.921 Thread 0x000002023f895190 Thread added: 0x000002023f895190
Event: 51.171 Thread 0x000002023f895190 Thread exited: 0x000002023f895190
Event: 51.696 Thread 0x000002023f895190 Thread added: 0x000002023f895190
Event: 51.696 Thread 0x0000020242eb99e0 Thread added: 0x0000020242eb99e0


Dynamic libraries:
0x00007ff7f0a80000 - 0x00007ff7f0a8e000 	C:\Users\kemal\.p2\pool\plugins\org.eclipse.justj.openjdk.hotspot.jre.full.win32.x86_64_17.0.4.v20220903-1038\jre\bin\javaw.exe
0x00007ff8e12d0000 - 0x00007ff8e14c8000 	C:\Windows\SYSTEM32\ntdll.dll
0x00007ff8c3880000 - 0x00007ff8c3896000 	C:\Program Files\Avast Software\Avast\aswhook.dll
0x00007ff8e11d0000 - 0x00007ff8e128f000 	C:\Windows\System32\KERNEL32.DLL
0x00007ff8df030000 - 0x00007ff8df302000 	C:\Windows\System32\KERNELBASE.dll
0x00007ff8deb60000 - 0x00007ff8dec60000 	C:\Windows\System32\ucrtbase.dll
0x00007ff8cbf10000 - 0x00007ff8cbf28000 	C:\Users\kemal\.p2\pool\plugins\org.eclipse.justj.openjdk.hotspot.jre.full.win32.x86_64_17.0.4.v20220903-1038\jre\bin\jli.dll
0x00007ff8cb7b0000 - 0x00007ff8cb7c9000 	C:\Users\kemal\.p2\pool\plugins\org.eclipse.justj.openjdk.hotspot.jre.full.win32.x86_64_17.0.4.v20220903-1038\jre\bin\VCRUNTIME140.dll
0x00007ff8df680000 - 0x00007ff8df821000 	C:\Windows\System32\USER32.dll
0x00007ff8def10000 - 0x00007ff8def32000 	C:\Windows\System32\win32u.dll
0x00007ff8df650000 - 0x00007ff8df67b000 	C:\Windows\System32\GDI32.dll
0x00007ff8c63c0000 - 0x00007ff8c665a000 	C:\Windows\WinSxS\amd64_microsoft.windows.common-controls_6595b64144ccf1df_6.0.19041.1110_none_60b5254171f9507e\COMCTL32.dll
0x00007ff8de9c0000 - 0x00007ff8deacf000 	C:\Windows\System32\gdi32full.dll
0x00007ff8e0220000 - 0x00007ff8e02be000 	C:\Windows\System32\msvcrt.dll
0x00007ff8dec60000 - 0x00007ff8decfd000 	C:\Windows\System32\msvcp_win.dll
0x00007ff8dfa90000 - 0x00007ff8dfac2000 	C:\Windows\System32\IMM32.DLL
0x00007ff8cafe0000 - 0x00007ff8cafec000 	C:\Users\kemal\.p2\pool\plugins\org.eclipse.justj.openjdk.hotspot.jre.full.win32.x86_64_17.0.4.v20220903-1038\jre\bin\vcruntime140_1.dll
0x00007ff8ab310000 - 0x00007ff8ab3a1000 	C:\Users\kemal\.p2\pool\plugins\org.eclipse.justj.openjdk.hotspot.jre.full.win32.x86_64_17.0.4.v20220903-1038\jre\bin\msvcp140.dll
0x00007ff863720000 - 0x00007ff864366000 	C:\Users\kemal\.p2\pool\plugins\org.eclipse.justj.openjdk.hotspot.jre.full.win32.x86_64_17.0.4.v20220903-1038\jre\bin\server\jvm.dll
0x00007ff8e1010000 - 0x00007ff8e10be000 	C:\Windows\System32\ADVAPI32.dll
0x00007ff8df310000 - 0x00007ff8df3ac000 	C:\Windows\System32\sechost.dll
0x00007ff8df900000 - 0x00007ff8dfa25000 	C:\Windows\System32\RPCRT4.dll
0x00007ff8dfad0000 - 0x00007ff8dfad8000 	C:\Windows\System32\PSAPI.DLL
0x00007ff8d0660000 - 0x00007ff8d0669000 	C:\Windows\SYSTEM32\WSOCK32.dll
0x00007ff8bd660000 - 0x00007ff8bd687000 	C:\Windows\SYSTEM32\WINMM.dll
0x00007ff8d8c20000 - 0x00007ff8d8c2a000 	C:\Windows\SYSTEM32\VERSION.dll
0x00007ff8dfae0000 - 0x00007ff8dfb4b000 	C:\Windows\System32\WS2_32.dll
0x00007ff8dc8a0000 - 0x00007ff8dc8b2000 	C:\Windows\SYSTEM32\kernel.appcore.dll
0x00007ff8cffd0000 - 0x00007ff8cffda000 	C:\Users\kemal\.p2\pool\plugins\org.eclipse.justj.openjdk.hotspot.jre.full.win32.x86_64_17.0.4.v20220903-1038\jre\bin\jimage.dll
0x00007ff8d25f0000 - 0x00007ff8d27d4000 	C:\Windows\SYSTEM32\DBGHELP.DLL
0x00007ff8d25b0000 - 0x00007ff8d25e5000 	C:\Windows\SYSTEM32\dbgcore.DLL
0x00007ff8dead0000 - 0x00007ff8deb52000 	C:\Windows\System32\bcryptPrimitives.dll
0x00007ff8caf80000 - 0x00007ff8cafa5000 	C:\Users\kemal\.p2\pool\plugins\org.eclipse.justj.openjdk.hotspot.jre.full.win32.x86_64_17.0.4.v20220903-1038\jre\bin\java.dll
0x00007ff8cb520000 - 0x00007ff8cb538000 	C:\Users\kemal\.p2\pool\plugins\org.eclipse.justj.openjdk.hotspot.jre.full.win32.x86_64_17.0.4.v20220903-1038\jre\bin\zip.dll
0x00007ff8e08c0000 - 0x00007ff8e1004000 	C:\Windows\System32\SHELL32.dll
0x00007ff8dcaa0000 - 0x00007ff8dd232000 	C:\Windows\SYSTEM32\windows.storage.dll
0x00007ff8dfd40000 - 0x00007ff8e0095000 	C:\Windows\System32\combase.dll
0x00007ff8de3b0000 - 0x00007ff8de3e0000 	C:\Windows\SYSTEM32\Wldp.dll
0x00007ff8e1120000 - 0x00007ff8e11cd000 	C:\Windows\System32\SHCORE.dll
0x00007ff8e0860000 - 0x00007ff8e08b5000 	C:\Windows\System32\shlwapi.dll
0x00007ff8de900000 - 0x00007ff8de91f000 	C:\Windows\SYSTEM32\profapi.dll
0x00007ff8caf60000 - 0x00007ff8caf79000 	C:\Users\kemal\.p2\pool\plugins\org.eclipse.justj.openjdk.hotspot.jre.full.win32.x86_64_17.0.4.v20220903-1038\jre\bin\net.dll
0x00007ff8d7220000 - 0x00007ff8d732c000 	C:\Windows\SYSTEM32\WINHTTP.dll
0x00007ff8de0a0000 - 0x00007ff8de10a000 	C:\Windows\system32\mswsock.dll
0x00007ff8caf40000 - 0x00007ff8caf55000 	C:\Users\kemal\.p2\pool\plugins\org.eclipse.justj.openjdk.hotspot.jre.full.win32.x86_64_17.0.4.v20220903-1038\jre\bin\nio.dll
0x00007ff8cbb10000 - 0x00007ff8cbb20000 	C:\Users\kemal\.p2\pool\plugins\org.eclipse.justj.openjdk.hotspot.jre.full.win32.x86_64_17.0.4.v20220903-1038\jre\bin\verify.dll
0x00007ff8caec0000 - 0x00007ff8caec9000 	C:\Users\kemal\.p2\pool\plugins\org.eclipse.justj.openjdk.hotspot.jre.full.win32.x86_64_17.0.4.v20220903-1038\jre\bin\management.dll
0x00007ff8cae40000 - 0x00007ff8cae4b000 	C:\Users\kemal\.p2\pool\plugins\org.eclipse.justj.openjdk.hotspot.jre.full.win32.x86_64_17.0.4.v20220903-1038\jre\bin\management_ext.dll
0x00007ff8c9d80000 - 0x00007ff8c9d97000 	C:\Windows\system32\napinsp.dll
0x00007ff8c9d60000 - 0x00007ff8c9d7b000 	C:\Windows\system32\pnrpnsp.dll
0x00007ff8c98a0000 - 0x00007ff8c98b5000 	C:\Windows\system32\wshbth.dll
0x00007ff8da390000 - 0x00007ff8da3ad000 	C:\Windows\system32\NLAapi.dll
0x00007ff8ddd90000 - 0x00007ff8dddcb000 	C:\Windows\SYSTEM32\IPHLPAPI.DLL
0x00007ff8dddd0000 - 0x00007ff8dde9a000 	C:\Windows\SYSTEM32\DNSAPI.dll
0x00007ff8df640000 - 0x00007ff8df648000 	C:\Windows\System32\NSI.dll
0x00007ff8c9880000 - 0x00007ff8c9892000 	C:\Windows\System32\winrnr.dll
0x00007ff8d28d0000 - 0x00007ff8d28da000 	C:\Windows\System32\rasadhlp.dll
0x00007ff8d27f0000 - 0x00007ff8d2870000 	C:\Windows\System32\fwpuclnt.dll
0x00007ff8df000000 - 0x00007ff8df027000 	C:\Windows\System32\bcrypt.dll
0x00007ff8de290000 - 0x00007ff8de2a8000 	C:\Windows\SYSTEM32\CRYPTSP.dll
0x00007ff8dd9c0000 - 0x00007ff8dd9f4000 	C:\Windows\system32\rsaenh.dll
0x00007ff8de880000 - 0x00007ff8de8ae000 	C:\Windows\SYSTEM32\USERENV.dll
0x00007ff8de2b0000 - 0x00007ff8de2bc000 	C:\Windows\SYSTEM32\CRYPTBASE.dll
0x00007ff8d87a0000 - 0x00007ff8d87b7000 	C:\Windows\SYSTEM32\dhcpcsvc6.DLL
0x00007ff8d8780000 - 0x00007ff8d879d000 	C:\Windows\SYSTEM32\dhcpcsvc.DLL
0x00007ff8cb630000 - 0x00007ff8cb63e000 	C:\Users\kemal\.p2\pool\plugins\org.eclipse.justj.openjdk.hotspot.jre.full.win32.x86_64_17.0.4.v20220903-1038\jre\bin\sunmscapi.dll
0x00007ff8ded00000 - 0x00007ff8dee56000 	C:\Windows\System32\CRYPT32.dll
0x00007ff8de420000 - 0x00007ff8de447000 	C:\Windows\SYSTEM32\ncrypt.dll
0x00007ff8de3e0000 - 0x00007ff8de41b000 	C:\Windows\SYSTEM32\NTASN1.dll
0x00007ff8cafd0000 - 0x00007ff8cafd7000 	C:\Windows\system32\wshunix.dll

dbghelp: loaded successfully - version: 4.0.5 - missing functions: none
symbol engine: initialized successfully - sym options: 0x614 - pdb path: .;C:\Users\kemal\.p2\pool\plugins\org.eclipse.justj.openjdk.hotspot.jre.full.win32.x86_64_17.0.4.v20220903-1038\jre\bin;C:\Windows\SYSTEM32;C:\Program Files\Avast Software\Avast;C:\Windows\WinSxS\amd64_microsoft.windows.common-controls_6595b64144ccf1df_6.0.19041.1110_none_60b5254171f9507e;C:\Users\kemal\.p2\pool\plugins\org.eclipse.justj.openjdk.hotspot.jre.full.win32.x86_64_17.0.4.v20220903-1038\jre\bin\server

VM Arguments:
jvm_args: -Dfile.encoding=UTF-8 -XX:+ShowCodeDetailsInExceptionMessages 
java_command: kemalkeskin.productDemo.ProductDemoApplication
java_class_path (initial): C:\Users\kemal\OneDrive\Masaüstü\ProductDemo\productDemo\productDemo\target\classes;C:\Users\kemal\.m2\repository\org\springframework\boot\spring-boot-starter-data-jpa\2.7.5\spring-boot-starter-data-jpa-2.7.5.jar;C:\Users\kemal\.m2\repository\org\springframework\boot\spring-boot-starter-aop\2.7.5\spring-boot-starter-aop-2.7.5.jar;C:\Users\kemal\.m2\repository\org\springframework\spring-aop\5.3.23\spring-aop-5.3.23.jar;C:\Users\kemal\.m2\repository\org\aspectj\aspectjweaver\1.9.7\aspectjweaver-1.9.7.jar;C:\Users\kemal\.m2\repository\org\springframework\boot\spring-boot-starter-jdbc\2.7.5\spring-boot-starter-jdbc-2.7.5.jar;C:\Users\kemal\.m2\repository\com\zaxxer\HikariCP\4.0.3\HikariCP-4.0.3.jar;C:\Users\kemal\.m2\repository\org\springframework\spring-jdbc\5.3.23\spring-jdbc-5.3.23.jar;C:\Users\kemal\.m2\repository\jakarta\transaction\jakarta.transaction-api\1.3.3\jakarta.transaction-api-1.3.3.jar;C:\Users\kemal\.m2\repository\jakarta\persistence\jakarta.persistence-api\2.2.3\jakarta.persistence-api-2.2.3.jar;C:\Users\kemal\.m2\repository\org\hibernate\hibernate-core\5.6.12.Final\hibernate-core-5.6.12.Final.jar;C:\Users\kemal\.m2\repository\org\jboss\logging\jboss-logging\3.4.3.Final\jboss-logging-3.4.3.Final.jar;C:\Users\kemal\.m2\repository\net\bytebuddy\byte-buddy\1.12.18\byte-buddy-1.12.18.jar;C:\Users\kemal\.m2\repository\antlr\antlr\2.7.7\antlr-2.7.7.jar;C:\Users\kemal\.m2\repository\org\jboss\jandex\2.4.2.Final\jandex-2.4.2.Final.jar;C:\Users\kemal\.m2\repository\com\fasterxml\classmate\1.5.1\classmate-1.5.1.jar;C:\Users\kemal\.m2\repository\org\hibernate\common\hibernate-commons-annotations\5.1.2.Final\hibernate-commons-annotations-5.1.2.Final.jar;C:\Users\kemal\.m2\repository\org\glassfish\jaxb\jaxb-runtime\2.3.7\jaxb-runtime-2.3.7.jar;C:\Users\kemal\.m2\repository\org\glassfish\jaxb\txw2\2.3.7\txw2-2.3.7.jar;C:\Users\kemal\.m2\repository\com\sun\istack\istack-commons-runtime\3.0.12\istack-commons-runtime-3.0.12.jar;C:\Users\kema
Launcher Type: SUN_STANDARD

[Global flags]
     intx CICompilerCount                          = 4                                         {product} {ergonomic}
     uint ConcGCThreads                            = 3                                         {product} {ergonomic}
     uint G1ConcRefinementThreads                  = 10                                        {product} {ergonomic}
   size_t G1HeapRegionSize                         = 2097152                                   {product} {ergonomic}
    uintx GCDrainStackTargetSize                   = 64                                        {product} {ergonomic}
   size_t InitialHeapSize                          = 266338304                                 {product} {ergonomic}
   size_t MarkStackSize                            = 4194304                                   {product} {ergonomic}
   size_t MaxHeapSize                              = 4238344192                                {product} {ergonomic}
   size_t MaxNewSize                               = 2541748224                                {product} {ergonomic}
   size_t MinHeapDeltaBytes                        = 2097152                                   {product} {ergonomic}
   size_t MinHeapSize                              = 8388608                                   {product} {ergonomic}
    uintx NonNMethodCodeHeapSize                   = 5839372                                {pd product} {ergonomic}
    uintx NonProfiledCodeHeapSize                  = 122909434                              {pd product} {ergonomic}
    uintx ProfiledCodeHeapSize                     = 122909434                              {pd product} {ergonomic}
    uintx ReservedCodeCacheSize                    = 251658240                              {pd product} {ergonomic}
     bool SegmentedCodeCache                       = true                                      {product} {ergonomic}
     bool ShowCodeDetailsInExceptionMessages       = true                                   {manageable} {command line}
   size_t SoftMaxHeapSize                          = 4238344192                             {manageable} {ergonomic}
     bool UseCompressedClassPointers               = true                           {product lp64_product} {ergonomic}
     bool UseCompressedOops                        = true                           {product lp64_product} {ergonomic}
     bool UseG1GC                                  = true                                      {product} {ergonomic}
     bool UseLargePagesIndividualAllocation        = false                                  {pd product} {ergonomic}

Logging:
Log output configuration:
 #0: stdout all=warning uptime,level,tags
 #1: stderr all=off uptime,level,tags

Environment Variables:
PATH=C:/Users/kemal/.p2/pool/plugins/org.eclipse.justj.openjdk.hotspot.jre.full.win32.x86_64_17.0.4.v20220903-1038/jre/bin/server;C:/Users/kemal/.p2/pool/plugins/org.eclipse.justj.openjdk.hotspot.jre.full.win32.x86_64_17.0.4.v20220903-1038/jre/bin;C:\Program Files (x86)\Common Files\Oracle\Java\javapath;C:\Windows\system32;C:\Windows;C:\Windows\System32\Wbem;C:\Windows\System32\WindowsPowerShell\v1.0\;C:\Windows\System32\OpenSSH\;C:\Program Files\Java\jdk-18.0.1.1\bin;"C:\Program Dosyalarý;C:\Winnt;C:\Winnt\System32";C:\Program Files\Microsoft SQL Server\150\Tools\Binn\;C:\Program Files\Microsoft SQL Server\Client SDK\ODBC\170\Tools\Binn\;C:\Program Files\dotnet\;C:\Program Files (x86)\Microsoft SQL Server\150\DTS\Binn\;C:\Program Files\Azure Data Studio\bin;C:\Program Files\Git\cmd;C:\Program Files\nodejs\;C:\Users\kemal\AppData\Local\Microsoft\WindowsApps;C:\Users\kemal\AppData\Local\Programs\Microsoft VS Code\bin;C:\Users\kemal\.dotnet\tools;C:\Program Files\Azure Data Studio\bin;C:\Users\kemal\AppData\Local\GitHubDesktop\bin;C:\Users\kemal\AppData\Roaming\npm;C:\Users\kemal\OneDrive\Masaüstü;
USERNAME=kemal
OS=Windows_NT
PROCESSOR_IDENTIFIER=Intel64 Family 6 Model 165 Stepping 3, GenuineIntel
TMP=C:\Users\kemal\AppData\Local\Temp
TEMP=C:\Users\kemal\AppData\Local\Temp



---------------  S Y S T E M  ---------------

OS:
 Windows 10 , 64 bit Build 19041 (10.0.19041.2364)
OS uptime: 7 days 1:51 hours

CPU: total 12 (initial active 12) (6 cores per cpu, 2 threads per core) family 6 model 165 stepping 3 microcode 0xe0, cx8, cmov, fxsr, ht, mmx, 3dnowpref, sse, sse2, sse3, ssse3, sse4.1, sse4.2, popcnt, lzcnt, tsc, tscinvbit, avx, avx2, aes, erms, clmul, bmi1, bmi2, adx, fma, vzeroupper, clflush, clflushopt

Memory: 4k page, system-wide physical 16164M (3641M free)
TotalPageFile size 65316M (AvailPageFile size 78M)
current process WorkingSet (physical memory assigned to process): 305M, peak: 355M
current process commit charge ("private bytes"): 339M, peak: 410M

vm_info: OpenJDK 64-Bit Server VM (17.0.4.1+1) for windows-amd64 JRE (17.0.4.1+1), built on Aug 17 2022 07:42:43 by "temurin" with MS VC++ 16.7 (VS2019)

END.
